<?xml version="1.0" encoding="UTF-8"?>
<coverage generated="1752130159158" clover="3.2.0">
  <project timestamp="1752130159158" name="All files">
    <metrics statements="18" coveredstatements="18" conditionals="10" coveredconditionals="10" methods="5" coveredmethods="5" elements="33" coveredelements="33" complexity="0" loc="18" ncloc="18" packages="1" files="1" classes="1"/>
    <file name="calculator.js" path="C:\Users\91954\OneDrive\Desktop\string-calculator-kata\src\calculator.js">
      <metrics statements="18" coveredstatements="18" conditionals="10" coveredconditionals="10" methods="5" coveredmethods="5"/>
      <line num="2" count="9" type="cond" truecount="2" falsecount="0"/>
      <line num="4" count="8" type="stmt"/>
      <line num="7" count="8" type="cond" truecount="2" falsecount="0"/>
      <line num="8" count="3" type="stmt"/>
      <line num="9" count="3" type="stmt"/>
      <line num="12" count="3" type="cond" truecount="2" falsecount="0"/>
      <line num="17" count="2" type="stmt"/>
      <line num="18" count="3" type="stmt"/>
      <line num="21" count="2" type="stmt"/>
      <line num="23" count="3" type="stmt"/>
      <line num="28" count="1" type="stmt"/>
      <line num="33" count="3" type="stmt"/>
      <line num="36" count="8" type="stmt"/>
      <line num="37" count="21" type="stmt"/>
      <line num="39" count="8" type="cond" truecount="2" falsecount="0"/>
      <line num="40" count="1" type="stmt"/>
      <line num="43" count="18" type="stmt"/>
      <line num="46" count="1" type="stmt"/>
    </file>
  </project>
</coverage>
