{"C:\\Users\\91954\\OneDrive\\Desktop\\string-calculator-kata\\src\\calculator.js": {"path":"C:\\Users\\91954\\OneDrive\\Desktop\\string-calculator-kata\\src\\calculator.js","statementMap":{"0":{"start":{"line":2,"column":2},"end":{"line":2,"column":25}},"1":{"start":{"line":2,"column":16},"end":{"line":2,"column":25}},"2":{"start":{"line":4,"column":18},"end":{"line":4,"column":24}},"3":{"start":{"line":7,"column":2},"end":{"line":34,"column":3}},"4":{"start":{"line":8,"column":32},"end":{"line":8,"column":53}},"5":{"start":{"line":9,"column":32},"end":{"line":9,"column":69}},"6":{"start":{"line":12,"column":4},"end":{"line":31,"column":5}},"7":{"start":{"line":17,"column":25},"end":{"line":19,"column":7}},"8":{"start":{"line":18,"column":19},"end":{"line":18,"column":27}},"9":{"start":{"line":21,"column":6},"end":{"line":25,"column":8}},"10":{"start":{"line":23,"column":22},"end":{"line":23,"column":62}},"11":{"start":{"line":28,"column":6},"end":{"line":30,"column":8}},"12":{"start":{"line":33,"column":4},"end":{"line":33,"column":53}},"13":{"start":{"line":36,"column":16},"end":{"line":36,"column":52}},"14":{"start":{"line":37,"column":20},"end":{"line":37,"column":46}},"15":{"start":{"line":37,"column":40},"end":{"line":37,"column":45}},"16":{"start":{"line":39,"column":2},"end":{"line":41,"column":3}},"17":{"start":{"line":40,"column":4},"end":{"line":40,"column":75}},"18":{"start":{"line":43,"column":2},"end":{"line":43,"column":50}},"19":{"start":{"line":43,"column":36},"end":{"line":43,"column":45}},"20":{"start":{"line":46,"column":0},"end":{"line":46,"column":21}}},"fnMap":{"0":{"name":"add","decl":{"start":{"line":1,"column":9},"end":{"line":1,"column":12}},"loc":{"start":{"line":1,"column":22},"end":{"line":44,"column":1}},"line":1},"1":{"name":"(anonymous_1)","decl":{"start":{"line":18,"column":8},"end":{"line":18,"column":9}},"loc":{"start":{"line":18,"column":19},"end":{"line":18,"column":27}},"line":18},"2":{"name":"(anonymous_2)","decl":{"start":{"line":23,"column":15},"end":{"line":23,"column":16}},"loc":{"start":{"line":23,"column":22},"end":{"line":23,"column":62}},"line":23},"3":{"name":"(anonymous_3)","decl":{"start":{"line":37,"column":33},"end":{"line":37,"column":34}},"loc":{"start":{"line":37,"column":40},"end":{"line":37,"column":45}},"line":37},"4":{"name":"(anonymous_4)","decl":{"start":{"line":43,"column":22},"end":{"line":43,"column":23}},"loc":{"start":{"line":43,"column":36},"end":{"line":43,"column":45}},"line":43}},"branchMap":{"0":{"loc":{"start":{"line":2,"column":2},"end":{"line":2,"column":25}},"type":"if","locations":[{"start":{"line":2,"column":2},"end":{"line":2,"column":25}},{"start":{},"end":{}}],"line":2},"1":{"loc":{"start":{"line":7,"column":2},"end":{"line":34,"column":3}},"type":"if","locations":[{"start":{"line":7,"column":2},"end":{"line":34,"column":3}},{"start":{},"end":{}}],"line":7},"2":{"loc":{"start":{"line":12,"column":4},"end":{"line":31,"column":5}},"type":"if","locations":[{"start":{"line":12,"column":4},"end":{"line":31,"column":5}},{"start":{"line":26,"column":11},"end":{"line":31,"column":5}}],"line":12},"3":{"loc":{"start":{"line":13,"column":6},"end":{"line":14,"column":39}},"type":"binary-expr","locations":[{"start":{"line":13,"column":6},"end":{"line":13,"column":41}},{"start":{"line":14,"column":6},"end":{"line":14,"column":39}}],"line":13},"4":{"loc":{"start":{"line":39,"column":2},"end":{"line":41,"column":3}},"type":"if","locations":[{"start":{"line":39,"column":2},"end":{"line":41,"column":3}},{"start":{},"end":{}}],"line":39}},"s":{"0":9,"1":1,"2":8,"3":8,"4":3,"5":3,"6":3,"7":2,"8":3,"9":2,"10":3,"11":1,"12":3,"13":8,"14":8,"15":21,"16":8,"17":1,"18":7,"19":18,"20":1},"f":{"0":9,"1":3,"2":3,"3":21,"4":18},"b":{"0":[1,8],"1":[3,5],"2":[2,1],"3":[3,2],"4":[1,7]},"_coverageSchema":"1a1c01bbd47fc00a2c39e90264f33305004495a9","hash":"fd228d0f4785ce74e104e2f71ea64a829d2ffe73"}
}
