TN:
SF:src\calculator.js
FN:1,add
FN:18,(anonymous_1)
FN:23,(anonymous_2)
FN:37,(anonymous_3)
FN:43,(anonymous_4)
FNF:5
FNH:5
FNDA:9,add
FNDA:3,(anonymous_1)
FNDA:3,(anonymous_2)
FNDA:21,(anonymous_3)
FNDA:18,(anonymous_4)
DA:2,9
DA:4,8
DA:7,8
DA:8,3
DA:9,3
DA:12,3
DA:17,2
DA:18,3
DA:21,2
DA:23,3
DA:28,1
DA:33,3
DA:36,8
DA:37,21
DA:39,8
DA:40,1
DA:43,18
DA:46,1
LF:18
LH:18
BRDA:2,0,0,1
BRDA:2,0,1,8
BRDA:7,1,0,3
BRDA:7,1,1,5
BRDA:12,2,0,2
BRDA:12,2,1,1
BRDA:13,3,0,3
BRDA:13,3,1,2
BRDA:39,4,0,1
BRDA:39,4,1,7
BRF:10
BRH:10
end_of_record
